<?xml version="1.0" encoding="UTF-8"?>
<!-- Generated by org.testng.reporters.JUnitXMLReporter -->
<testsuite ignored="0" hostname="LAPTOP-BMAF7UQC" failures="0" tests="6" name="Default test" time="18.396" errors="0" timestamp="2024-10-26T16:53:12 IST">
  <testcase classname="api.test.DDTests" name="testPostuser" time="6.329"/>
  <testcase classname="api.test.DDTests" name="testPostuser" time="1.758"/>
  <testcase classname="api.test.DDTests" name="testPostuser" time="1.428"/>
  <testcase classname="api.test.DDTests" name="testDeleteUserByName" time="1.657"/>
  <testcase classname="api.test.DDTests" name="testDeleteUserByName" time="1.637"/>
  <testcase classname="api.test.DDTests" name="testDeleteUserByName" time="1.635"/>
</testsuite> <!-- Default test -->
