<?xml version="1.0" encoding="UTF-8"?>
<!-- Generated by org.testng.reporters.JUnitXMLReporter -->
<testsuite ignored="0" hostname="LAPTOP-BMAF7UQC" failures="0" tests="4" name="PetTests" time="14.364" errors="0" timestamp="2024-10-26T17:44:27 IST">
  <testcase classname="api.test.UserTests2" name="testPostUser" time="5.54"/>
  <testcase classname="api.test.UserTests2" name="testGetUserByName" time="1.728"/>
  <testcase classname="api.test.UserTests2" name="testUpdateUserByName" time="3.371"/>
  <testcase classname="api.test.UserTests2" name="testDeleteUserByName" time="1.538"/>
</testsuite> <!-- PetTests -->
