<?xml version="1.0" encoding="UTF-8"?>
<!-- Generated by org.testng.reporters.JUnitXMLReporter -->
<testsuite ignored="0" hostname="LAPTOP-BMAF7UQC" failures="0" tests="4" name="PetTests" time="16.037" errors="0" timestamp="2024-10-26T17:28:45 IST">
  <testcase classname="api.test.UserTests2" name="testPostUser" time="5.671"/>
  <testcase classname="api.test.UserTests2" name="testGetUserByName" time="1.628"/>
  <testcase classname="api.test.UserTests2" name="testUpdateUserByName" time="3.157"/>
  <testcase classname="api.test.UserTests2" name="testDeleteUserByName" time="3.17"/>
</testsuite> <!-- PetTests -->
